[{"line":2,"uri":"file:src/test/resources/features/ArrayLists.feature","id":"navigation-and-interaction-in-dsalgo-portal---array-section","keyword":"Feature","name":"Navigation and interaction in dsAlgo Portal - Array Section","description":"","elements":[{"line":4,"type":"background","keyword":"Background","name":"","description":"","steps":[{"keyword":"Given ","line":5,"match":{"location":"stepDefinitions.ArrayList.the_user_sign_in_to_ds_algo_portal_entering_firstname_vara_password_varam(java.lang.String,java.lang.String)","arguments":[{"val":"Vara","offset":53},{"val":"Varam@123","offset":69}]},"name":"The user sign in to dsAlgo Portal entering firstname Vara & password Varam@123","result":{"duration":4652676700,"status":"passed"}}]},{"start_timestamp":"2025-11-11T21:55:40.254Z","line":12,"id":"navigation-and-interaction-in-dsalgo-portal---array-section;verify-user-is-able-to-navigate-to-arrays-in-python-page","type":"scenario","keyword":"Scenario","name":"Verify user is able to navigate to Arrays in Python page","description":"","steps":[{"keyword":"Given ","line":13,"match":{"location":"stepDefinitions.ArrayList.the_user_is_in_the_home_page_after_sign_in()"},"name":"The user is in the Home page after Sign in","result":{"duration":79676500,"status":"passed"}},{"keyword":"When ","line":14,"match":{"location":"stepDefinitions.ArrayList.the_user_clicks_the_button_in_array_panel()"},"name":"The user clicks the Get Started button in Array Panel","result":{"duration":835424200,"status":"passed"}},{"keyword":"Then ","line":15,"match":{"location":"stepDefinitions.ArrayList.the_user_should_be_directed_to_Array_page()"},"name":"The user should be directed to Array Page","result":{"duration":161125700,"status":"passed"}},{"keyword":"And ","line":16,"match":{"location":"stepDefinitions.ArrayList.the_user_clicks_arrays_in_python_link()"},"name":"The user clicks Arrays in Python link","result":{"duration":1269418600,"status":"passed"}},{"keyword":"Then ","line":17,"match":{"location":"stepDefinitions.ArrayList.the_user_should_be_redirected_to_arrays_in_python_page()"},"name":"The user should be redirected to Arrays in Python page","result":{"duration":53007000,"status":"passed"}}],"tags":[{"name":"@ArrayList"}]},{"line":4,"type":"background","keyword":"Background","name":"","description":"","steps":[{"keyword":"Given ","line":5,"match":{"location":"stepDefinitions.ArrayList.the_user_sign_in_to_ds_algo_portal_entering_firstname_vara_password_varam(java.lang.String,java.lang.String)","arguments":[{"val":"Vara","offset":53},{"val":"Varam@123","offset":69}]},"name":"The user sign in to dsAlgo Portal entering firstname Vara & password Varam@123","result":{"duration":5986073400,"status":"failed","error_message":"org.openqa.selenium.NoSuchElementException: no such element: Unable to locate element: {\"method\":\"xpath\",\"selector\":\"//a[@href='/login']\"}\n  (Session info: chrome=142.0.7444.60)\nFor documentation on this error, please visit: https://www.selenium.dev/documentation/webdriver/troubleshooting/errors#nosuchelementexception\nBuild info: version: '4.37.0', revision: '3c1da1e342'\nSystem info: os.name: 'Windows 11', os.arch: 'amd64', os.version: '10.0', java.version: '24.0.2'\nDriver info: org.openqa.selenium.chrome.ChromeDriver\nCommand: [eb49b830cde14319b5214d36b47e0a20, findElement {value=//a[@href='/login'], using=xpath}]\nCapabilities {acceptInsecureCerts: false, browserName: chrome, browserVersion: 142.0.7444.60, chrome: {chromedriverVersion: 142.0.7444.162 (c076baf266c..., userDataDir: C:\\Users\\HAPPYF~1\\AppData\\L...}, fedcm:accounts: true, goog:chromeOptions: {debuggerAddress: localhost:57331}, goog:processID: 3052, networkConnectionEnabled: false, pageLoadStrategy: normal, platformName: windows, proxy: Proxy(), se:cdp: ws://localhost:57331/devtoo..., se:cdpVersion: 142.0.7444.60, setWindowRect: true, strictFileInteractability: false, timeouts: {implicit: 0, pageLoad: 300000, script: 30000}, unhandledPromptBehavior: dismiss and notify, webauthn:extension:credBlob: true, webauthn:extension:largeBlob: true, webauthn:extension:minPinLength: true, webauthn:extension:prf: true, webauthn:virtualAuthenticators: true}\nSession ID: eb49b830cde14319b5214d36b47e0a20\r\n\tat java.base/jdk.internal.reflect.DirectConstructorHandleAccessor.newInstance(DirectConstructorHandleAccessor.java:62)\r\n\tat java.base/java.lang.reflect.Constructor.newInstanceWithCaller(Constructor.java:499)\r\n\tat java.base/java.lang.reflect.Constructor.newInstance(Constructor.java:483)\r\n\tat org.openqa.selenium.remote.ErrorCodec.decode(ErrorCodec.java:167)\r\n\tat org.openqa.selenium.remote.codec.w3c.W3CHttpResponseCodec.decode(W3CHttpResponseCodec.java:138)\r\n\tat org.openqa.selenium.remote.codec.w3c.W3CHttpResponseCodec.decode(W3CHttpResponseCodec.java:50)\r\n\tat org.openqa.selenium.remote.HttpCommandExecutor.execute(HttpCommandExecutor.java:215)\r\n\tat org.openqa.selenium.remote.service.DriverCommandExecutor.invokeExecute(DriverCommandExecutor.java:216)\r\n\tat org.openqa.selenium.remote.service.DriverCommandExecutor.execute(DriverCommandExecutor.java:174)\r\n\tat org.openqa.selenium.remote.RemoteWebDriver.execute(RemoteWebDriver.java:557)\r\n\tat org.openqa.selenium.remote.ElementLocation$ElementFinder$2.findElement(ElementLocation.java:165)\r\n\tat org.openqa.selenium.remote.ElementLocation.findElement(ElementLocation.java:59)\r\n\tat org.openqa.selenium.remote.RemoteWebDriver.findElement(RemoteWebDriver.java:380)\r\n\tat org.openqa.selenium.remote.RemoteWebDriver.findElement(RemoteWebDriver.java:374)\r\n\tat org.openqa.selenium.support.pagefactory.DefaultElementLocator.findElement(DefaultElementLocator.java:68)\r\n\tat org.openqa.selenium.support.pagefactory.internal.LocatingElementHandler.invoke(LocatingElementHandler.java:38)\r\n\tat jdk.proxy2/jdk.proxy2.$Proxy22.click(Unknown Source)\r\n\tat pageObjects.LoginPage.loginApplication(LoginPage.java:34)\r\n\tat stepDefinitions.ArrayList.the_user_sign_in_to_ds_algo_portal_entering_firstname_vara_password_varam(ArrayList.java:29)\r\n\tat ✽.The user sign in to dsAlgo Portal entering firstname Vara & password Varam@123(file:///C:/Users/Happy%20Family/Downloads/ds_algo_cucumber-master/ds_algo_cucumber-master/src/test/resources/features/ArrayLists.feature:5)\r\n"}}]},{"start_timestamp":"2025-11-11T21:55:47.395Z","line":19,"id":"navigation-and-interaction-in-dsalgo-portal---array-section;verify-user-is-able-to-navigate-to-try-editor-page-for-arrays-in-python","type":"scenario","keyword":"Scenario","name":"Verify user is able to navigate to try Editor page for Arrays in Python","description":"","steps":[{"keyword":"Given ","line":20,"match":{"location":"stepDefinitions.ArrayList.the_user_is_in_the_home_page_after_sign_in()"},"name":"The user is in the Home page after Sign in","result":{"status":"skipped"}},{"keyword":"When ","line":21,"match":{"location":"stepDefinitions.ArrayList.the_user_clicks_the_button_in_array_panel()"},"name":"The user clicks the Get Started button in Array Panel","result":{"status":"skipped"}},{"keyword":"Then ","line":22,"match":{"location":"stepDefinitions.ArrayList.the_user_should_be_directed_to_Array_page()"},"name":"The user should be directed to Array Page","result":{"status":"skipped"}},{"keyword":"And ","line":23,"match":{"location":"stepDefinitions.ArrayList.the_user_clicks_arrays_in_python_link()"},"name":"The user clicks Arrays in Python link","result":{"duration":1014100,"status":"skipped"}},{"keyword":"And ","line":24,"match":{"location":"stepDefinitions.ArrayList.the_user_clicks_try_here_button_in_arrays_in_python_page()"},"name":"The user clicks Try Here button in Arrays in Python page","result":{"status":"skipped"}},{"keyword":"Then ","line":25,"match":{"location":"stepDefinitions.ArrayList.the_user_should_be_redirected_to_a_page_having_a_try_editor_with_a_run_button_to_test()"},"name":"The user should be redirected to a page having a try Editor with a Run button to test","result":{"status":"skipped"}}],"tags":[{"name":"@ArrayList"}]},{"line":4,"type":"background","keyword":"Background","name":"","description":"","steps":[{"keyword":"Given ","line":5,"match":{"location":"stepDefinitions.ArrayList.the_user_sign_in_to_ds_algo_portal_entering_firstname_vara_password_varam(java.lang.String,java.lang.String)","arguments":[{"val":"Vara","offset":53},{"val":"Varam@123","offset":69}]},"name":"The user sign in to dsAlgo Portal entering firstname Vara & password Varam@123","result":{"duration":5938841800,"status":"failed","error_message":"org.openqa.selenium.NoSuchElementException: no such element: Unable to locate element: {\"method\":\"xpath\",\"selector\":\"//a[@href='/login']\"}\n  (Session info: chrome=142.0.7444.60)\nFor documentation on this error, please visit: https://www.selenium.dev/documentation/webdriver/troubleshooting/errors#nosuchelementexception\nBuild info: version: '4.37.0', revision: '3c1da1e342'\nSystem info: os.name: 'Windows 11', os.arch: 'amd64', os.version: '10.0', java.version: '24.0.2'\nDriver info: org.openqa.selenium.chrome.ChromeDriver\nCommand: [eb49b830cde14319b5214d36b47e0a20, findElement {value=//a[@href='/login'], using=xpath}]\nCapabilities {acceptInsecureCerts: false, browserName: chrome, browserVersion: 142.0.7444.60, chrome: {chromedriverVersion: 142.0.7444.162 (c076baf266c..., userDataDir: C:\\Users\\HAPPYF~1\\AppData\\L...}, fedcm:accounts: true, goog:chromeOptions: {debuggerAddress: localhost:57331}, goog:processID: 3052, networkConnectionEnabled: false, pageLoadStrategy: normal, platformName: windows, proxy: Proxy(), se:cdp: ws://localhost:57331/devtoo..., se:cdpVersion: 142.0.7444.60, setWindowRect: true, strictFileInteractability: false, timeouts: {implicit: 0, pageLoad: 300000, script: 30000}, unhandledPromptBehavior: dismiss and notify, webauthn:extension:credBlob: true, webauthn:extension:largeBlob: true, webauthn:extension:minPinLength: true, webauthn:extension:prf: true, webauthn:virtualAuthenticators: true}\nSession ID: eb49b830cde14319b5214d36b47e0a20\r\n\tat java.base/jdk.internal.reflect.DirectConstructorHandleAccessor.newInstance(DirectConstructorHandleAccessor.java:62)\r\n\tat java.base/java.lang.reflect.Constructor.newInstanceWithCaller(Constructor.java:499)\r\n\tat java.base/java.lang.reflect.Constructor.newInstance(Constructor.java:483)\r\n\tat org.openqa.selenium.remote.ErrorCodec.decode(ErrorCodec.java:167)\r\n\tat org.openqa.selenium.remote.codec.w3c.W3CHttpResponseCodec.decode(W3CHttpResponseCodec.java:138)\r\n\tat org.openqa.selenium.remote.codec.w3c.W3CHttpResponseCodec.decode(W3CHttpResponseCodec.java:50)\r\n\tat org.openqa.selenium.remote.HttpCommandExecutor.execute(HttpCommandExecutor.java:215)\r\n\tat org.openqa.selenium.remote.service.DriverCommandExecutor.invokeExecute(DriverCommandExecutor.java:216)\r\n\tat org.openqa.selenium.remote.service.DriverCommandExecutor.execute(DriverCommandExecutor.java:174)\r\n\tat org.openqa.selenium.remote.RemoteWebDriver.execute(RemoteWebDriver.java:557)\r\n\tat org.openqa.selenium.remote.ElementLocation$ElementFinder$2.findElement(ElementLocation.java:165)\r\n\tat org.openqa.selenium.remote.ElementLocation.findElement(ElementLocation.java:59)\r\n\tat org.openqa.selenium.remote.RemoteWebDriver.findElement(RemoteWebDriver.java:380)\r\n\tat org.openqa.selenium.remote.RemoteWebDriver.findElement(RemoteWebDriver.java:374)\r\n\tat org.openqa.selenium.support.pagefactory.DefaultElementLocator.findElement(DefaultElementLocator.java:68)\r\n\tat org.openqa.selenium.support.pagefactory.internal.LocatingElementHandler.invoke(LocatingElementHandler.java:38)\r\n\tat jdk.proxy2/jdk.proxy2.$Proxy22.click(Unknown Source)\r\n\tat pageObjects.LoginPage.loginApplication(LoginPage.java:34)\r\n\tat stepDefinitions.ArrayList.the_user_sign_in_to_ds_algo_portal_entering_firstname_vara_password_varam(ArrayList.java:29)\r\n\tat ✽.The user sign in to dsAlgo Portal entering firstname Vara & password Varam@123(file:///C:/Users/Happy%20Family/Downloads/ds_algo_cucumber-master/ds_algo_cucumber-master/src/test/resources/features/ArrayLists.feature:5)\r\n"}}]},{"start_timestamp":"2025-11-11T21:55:53.411Z","line":39,"id":"navigation-and-interaction-in-dsalgo-portal---array-section;verify-error-message-for-empty-&-invalid-python-code-for-arrays-in-python-page;;2","type":"scenario","keyword":"Scenario Outline","name":"Verify error message for Empty & invalid python code for Arrays in Python page","description":"","steps":[{"keyword":"Given ","line":28,"match":{"location":"stepDefinitions.ArrayList.the_user_is_in_the_home_page_after_sign_in()"},"name":"The user is in the Home page after Sign in","result":{"duration":1197400,"status":"skipped"}},{"keyword":"When ","line":29,"match":{"location":"stepDefinitions.ArrayList.the_user_clicks_the_button_in_array_panel()"},"name":"The user clicks the Get Started button in Array Panel","result":{"duration":1042200,"status":"skipped"}},{"keyword":"Then ","line":30,"match":{"location":"stepDefinitions.ArrayList.the_user_should_be_directed_to_Array_page()"},"name":"The user should be directed to Array Page","result":{"duration":1151700,"status":"skipped"}},{"keyword":"And ","line":31,"match":{"location":"stepDefinitions.ArrayList.the_user_clicks_arrays_in_python_link()"},"name":"The user clicks Arrays in Python link","result":{"status":"skipped"}},{"keyword":"And ","line":32,"match":{"location":"stepDefinitions.ArrayList.the_user_clicks_try_here_button_in_arrays_in_python_page()"},"name":"The user clicks Try Here button in Arrays in Python page","result":{"status":"skipped"}},{"keyword":"And ","line":33,"match":{"location":"stepDefinitions.ArrayList.the_user_should_be_redirected_to_a_page_having_a_try_editor_with_a_run_button_to_test()"},"name":"The user should be redirected to a page having a try Editor with a Run button to test","result":{"status":"skipped"}},{"keyword":"And ","line":34,"match":{"location":"stepDefinitions.ArrayList.the_user_writes_code_in_editor_and_clicks_the_run_button(java.lang.String)","arguments":[{"val":"\"\"","offset":16}]},"name":"The user writes \"\" in Editor and clicks the Run button","result":{"status":"skipped"}},{"keyword":"Then ","line":35,"match":{"location":"stepDefinitions.ArrayList.the_user_should_see_an_error_message_in_alert_window()"},"name":"The user should see an error message in alert window","result":{"duration":1015400,"status":"skipped"}}],"tags":[{"name":"@ArrayList"}]},{"line":4,"type":"background","keyword":"Background","name":"","description":"","steps":[{"keyword":"Given ","line":5,"match":{"location":"stepDefinitions.ArrayList.the_user_sign_in_to_ds_algo_portal_entering_firstname_vara_password_varam(java.lang.String,java.lang.String)","arguments":[{"val":"Vara","offset":53},{"val":"Varam@123","offset":69}]},"name":"The user sign in to dsAlgo Portal entering firstname Vara & password Varam@123","result":{"duration":5924261500,"status":"failed","error_message":"org.openqa.selenium.NoSuchElementException: no such element: Unable to locate element: {\"method\":\"xpath\",\"selector\":\"//a[@href='/login']\"}\n  (Session info: chrome=142.0.7444.60)\nFor documentation on this error, please visit: https://www.selenium.dev/documentation/webdriver/troubleshooting/errors#nosuchelementexception\nBuild info: version: '4.37.0', revision: '3c1da1e342'\nSystem info: os.name: 'Windows 11', os.arch: 'amd64', os.version: '10.0', java.version: '24.0.2'\nDriver info: org.openqa.selenium.chrome.ChromeDriver\nCommand: [eb49b830cde14319b5214d36b47e0a20, findElement {value=//a[@href='/login'], using=xpath}]\nCapabilities {acceptInsecureCerts: false, browserName: chrome, browserVersion: 142.0.7444.60, chrome: {chromedriverVersion: 142.0.7444.162 (c076baf266c..., userDataDir: C:\\Users\\HAPPYF~1\\AppData\\L...}, fedcm:accounts: true, goog:chromeOptions: {debuggerAddress: localhost:57331}, goog:processID: 3052, networkConnectionEnabled: false, pageLoadStrategy: normal, platformName: windows, proxy: Proxy(), se:cdp: ws://localhost:57331/devtoo..., se:cdpVersion: 142.0.7444.60, setWindowRect: true, strictFileInteractability: false, timeouts: {implicit: 0, pageLoad: 300000, script: 30000}, unhandledPromptBehavior: dismiss and notify, webauthn:extension:credBlob: true, webauthn:extension:largeBlob: true, webauthn:extension:minPinLength: true, webauthn:extension:prf: true, webauthn:virtualAuthenticators: true}\nSession ID: eb49b830cde14319b5214d36b47e0a20\r\n\tat java.base/jdk.internal.reflect.DirectConstructorHandleAccessor.newInstance(DirectConstructorHandleAccessor.java:62)\r\n\tat java.base/java.lang.reflect.Constructor.newInstanceWithCaller(Constructor.java:499)\r\n\tat java.base/java.lang.reflect.Constructor.newInstance(Constructor.java:483)\r\n\tat org.openqa.selenium.remote.ErrorCodec.decode(ErrorCodec.java:167)\r\n\tat org.openqa.selenium.remote.codec.w3c.W3CHttpResponseCodec.decode(W3CHttpResponseCodec.java:138)\r\n\tat org.openqa.selenium.remote.codec.w3c.W3CHttpResponseCodec.decode(W3CHttpResponseCodec.java:50)\r\n\tat org.openqa.selenium.remote.HttpCommandExecutor.execute(HttpCommandExecutor.java:215)\r\n\tat org.openqa.selenium.remote.service.DriverCommandExecutor.invokeExecute(DriverCommandExecutor.java:216)\r\n\tat org.openqa.selenium.remote.service.DriverCommandExecutor.execute(DriverCommandExecutor.java:174)\r\n\tat org.openqa.selenium.remote.RemoteWebDriver.execute(RemoteWebDriver.java:557)\r\n\tat org.openqa.selenium.remote.ElementLocation$ElementFinder$2.findElement(ElementLocation.java:165)\r\n\tat org.openqa.selenium.remote.ElementLocation.findElement(ElementLocation.java:59)\r\n\tat org.openqa.selenium.remote.RemoteWebDriver.findElement(RemoteWebDriver.java:380)\r\n\tat org.openqa.selenium.remote.RemoteWebDriver.findElement(RemoteWebDriver.java:374)\r\n\tat org.openqa.selenium.support.pagefactory.DefaultElementLocator.findElement(DefaultElementLocator.java:68)\r\n\tat org.openqa.selenium.support.pagefactory.internal.LocatingElementHandler.invoke(LocatingElementHandler.java:38)\r\n\tat jdk.proxy2/jdk.proxy2.$Proxy22.click(Unknown Source)\r\n\tat pageObjects.LoginPage.loginApplication(LoginPage.java:34)\r\n\tat stepDefinitions.ArrayList.the_user_sign_in_to_ds_algo_portal_entering_firstname_vara_password_varam(ArrayList.java:29)\r\n\tat ✽.The user sign in to dsAlgo Portal entering firstname Vara & password Varam@123(file:///C:/Users/Happy%20Family/Downloads/ds_algo_cucumber-master/ds_algo_cucumber-master/src/test/resources/features/ArrayLists.feature:5)\r\n"}}]},{"start_timestamp":"2025-11-11T21:55:59.386Z","line":40,"id":"navigation-and-interaction-in-dsalgo-portal---array-section;verify-error-message-for-empty-&-invalid-python-code-for-arrays-in-python-page;;3","type":"scenario","keyword":"Scenario Outline","name":"Verify error message for Empty & invalid python code for Arrays in Python page","description":"","steps":[{"keyword":"Given ","line":28,"match":{"location":"stepDefinitions.ArrayList.the_user_is_in_the_home_page_after_sign_in()"},"name":"The user is in the Home page after Sign in","result":{"duration":995200,"status":"skipped"}},{"keyword":"When ","line":29,"match":{"location":"stepDefinitions.ArrayList.the_user_clicks_the_button_in_array_panel()"},"name":"The user clicks the Get Started button in Array Panel","result":{"status":"skipped"}},{"keyword":"Then ","line":30,"match":{"location":"stepDefinitions.ArrayList.the_user_should_be_directed_to_Array_page()"},"name":"The user should be directed to Array Page","result":{"status":"skipped"}},{"keyword":"And ","line":31,"match":{"location":"stepDefinitions.ArrayList.the_user_clicks_arrays_in_python_link()"},"name":"The user clicks Arrays in Python link","result":{"status":"skipped"}},{"keyword":"And ","line":32,"match":{"location":"stepDefinitions.ArrayList.the_user_clicks_try_here_button_in_arrays_in_python_page()"},"name":"The user clicks Try Here button in Arrays in Python page","result":{"status":"skipped"}},{"keyword":"And ","line":33,"match":{"location":"stepDefinitions.ArrayList.the_user_should_be_redirected_to_a_page_having_a_try_editor_with_a_run_button_to_test()"},"name":"The user should be redirected to a page having a try Editor with a Run button to test","result":{"status":"skipped"}},{"keyword":"And ","line":34,"match":{"location":"stepDefinitions.ArrayList.the_user_writes_code_in_editor_and_clicks_the_run_button(java.lang.String)","arguments":[{"val":"\"hi\"","offset":16}]},"name":"The user writes \"hi\" in Editor and clicks the Run button","result":{"status":"skipped"}},{"keyword":"Then ","line":35,"match":{"location":"stepDefinitions.ArrayList.the_user_should_see_an_error_message_in_alert_window()"},"name":"The user should see an error message in alert window","result":{"status":"skipped"}}],"tags":[{"name":"@ArrayList"}]},{"line":4,"type":"background","keyword":"Background","name":"","description":"","steps":[{"keyword":"Given ","line":5,"match":{"location":"stepDefinitions.ArrayList.the_user_sign_in_to_ds_algo_portal_entering_firstname_vara_password_varam(java.lang.String,java.lang.String)","arguments":[{"val":"Vara","offset":53},{"val":"Varam@123","offset":69}]},"name":"The user sign in to dsAlgo Portal entering firstname Vara & password Varam@123","result":{"duration":5936708800,"status":"failed","error_message":"org.openqa.selenium.NoSuchElementException: no such element: Unable to locate element: {\"method\":\"xpath\",\"selector\":\"//a[@href='/login']\"}\n  (Session info: chrome=142.0.7444.60)\nFor documentation on this error, please visit: https://www.selenium.dev/documentation/webdriver/troubleshooting/errors#nosuchelementexception\nBuild info: version: '4.37.0', revision: '3c1da1e342'\nSystem info: os.name: 'Windows 11', os.arch: 'amd64', os.version: '10.0', java.version: '24.0.2'\nDriver info: org.openqa.selenium.chrome.ChromeDriver\nCommand: [eb49b830cde14319b5214d36b47e0a20, findElement {value=//a[@href='/login'], using=xpath}]\nCapabilities {acceptInsecureCerts: false, browserName: chrome, browserVersion: 142.0.7444.60, chrome: {chromedriverVersion: 142.0.7444.162 (c076baf266c..., userDataDir: C:\\Users\\HAPPYF~1\\AppData\\L...}, fedcm:accounts: true, goog:chromeOptions: {debuggerAddress: localhost:57331}, goog:processID: 3052, networkConnectionEnabled: false, pageLoadStrategy: normal, platformName: windows, proxy: Proxy(), se:cdp: ws://localhost:57331/devtoo..., se:cdpVersion: 142.0.7444.60, setWindowRect: true, strictFileInteractability: false, timeouts: {implicit: 0, pageLoad: 300000, script: 30000}, unhandledPromptBehavior: dismiss and notify, webauthn:extension:credBlob: true, webauthn:extension:largeBlob: true, webauthn:extension:minPinLength: true, webauthn:extension:prf: true, webauthn:virtualAuthenticators: true}\nSession ID: eb49b830cde14319b5214d36b47e0a20\r\n\tat java.base/jdk.internal.reflect.DirectConstructorHandleAccessor.newInstance(DirectConstructorHandleAccessor.java:62)\r\n\tat java.base/java.lang.reflect.Constructor.newInstanceWithCaller(Constructor.java:499)\r\n\tat java.base/java.lang.reflect.Constructor.newInstance(Constructor.java:483)\r\n\tat org.openqa.selenium.remote.ErrorCodec.decode(ErrorCodec.java:167)\r\n\tat org.openqa.selenium.remote.codec.w3c.W3CHttpResponseCodec.decode(W3CHttpResponseCodec.java:138)\r\n\tat org.openqa.selenium.remote.codec.w3c.W3CHttpResponseCodec.decode(W3CHttpResponseCodec.java:50)\r\n\tat org.openqa.selenium.remote.HttpCommandExecutor.execute(HttpCommandExecutor.java:215)\r\n\tat org.openqa.selenium.remote.service.DriverCommandExecutor.invokeExecute(DriverCommandExecutor.java:216)\r\n\tat org.openqa.selenium.remote.service.DriverCommandExecutor.execute(DriverCommandExecutor.java:174)\r\n\tat org.openqa.selenium.remote.RemoteWebDriver.execute(RemoteWebDriver.java:557)\r\n\tat org.openqa.selenium.remote.ElementLocation$ElementFinder$2.findElement(ElementLocation.java:165)\r\n\tat org.openqa.selenium.remote.ElementLocation.findElement(ElementLocation.java:59)\r\n\tat org.openqa.selenium.remote.RemoteWebDriver.findElement(RemoteWebDriver.java:380)\r\n\tat org.openqa.selenium.remote.RemoteWebDriver.findElement(RemoteWebDriver.java:374)\r\n\tat org.openqa.selenium.support.pagefactory.DefaultElementLocator.findElement(DefaultElementLocator.java:68)\r\n\tat org.openqa.selenium.support.pagefactory.internal.LocatingElementHandler.invoke(LocatingElementHandler.java:38)\r\n\tat jdk.proxy2/jdk.proxy2.$Proxy22.click(Unknown Source)\r\n\tat pageObjects.LoginPage.loginApplication(LoginPage.java:34)\r\n\tat stepDefinitions.ArrayList.the_user_sign_in_to_ds_algo_portal_entering_firstname_vara_password_varam(ArrayList.java:29)\r\n\tat ✽.The user sign in to dsAlgo Portal entering firstname Vara & password Varam@123(file:///C:/Users/Happy%20Family/Downloads/ds_algo_cucumber-master/ds_algo_cucumber-master/src/test/resources/features/ArrayLists.feature:5)\r\n"}}]},{"start_timestamp":"2025-11-11T21:56:05.340Z","line":42,"id":"navigation-and-interaction-in-dsalgo-portal---array-section;verify-user-is-able-to-see-output-for-valid-python-code-for-arrays-in-python-page","type":"scenario","keyword":"Scenario","name":"Verify user is able to see output for valid python code for Arrays in Python page","description":"","steps":[{"keyword":"Given ","line":43,"match":{"location":"stepDefinitions.ArrayList.the_user_is_in_the_home_page_after_sign_in()"},"name":"The user is in the Home page after Sign in","result":{"status":"skipped"}},{"keyword":"When ","line":44,"match":{"location":"stepDefinitions.ArrayList.the_user_clicks_the_button_in_array_panel()"},"name":"The user clicks the Get Started button in Array Panel","result":{"status":"skipped"}},{"keyword":"Then ","line":45,"match":{"location":"stepDefinitions.ArrayList.the_user_should_be_directed_to_Array_page()"},"name":"The user should be directed to Array Page","result":{"duration":998400,"status":"skipped"}},{"keyword":"And ","line":46,"match":{"location":"stepDefinitions.ArrayList.the_user_clicks_arrays_in_python_link()"},"name":"The user clicks Arrays in Python link","result":{"duration":996400,"status":"skipped"}},{"keyword":"And ","line":47,"match":{"location":"stepDefinitions.ArrayList.the_user_clicks_try_here_button_in_arrays_in_python_page()"},"name":"The user clicks Try Here button in Arrays in Python page","result":{"duration":997500,"status":"skipped"}},{"keyword":"And ","line":48,"match":{"location":"stepDefinitions.ArrayList.the_user_should_be_redirected_to_a_page_having_a_try_editor_with_a_run_button_to_test()"},"name":"The user should be redirected to a page having a try Editor with a Run button to test","result":{"duration":996800,"status":"skipped"}},{"keyword":"And ","line":49,"match":{"location":"stepDefinitions.ArrayList.the_user_writes_valid_code_in_editor_and_clicks_the_run_button()"},"name":"The user writes valid code in Editor and clicks the Run Button","result":{"status":"skipped"}},{"keyword":"Then ","line":50,"match":{"location":"stepDefinitions.ArrayList.the_user_should_see_output_in_the_console()"},"name":"The user should see output in the console","result":{"status":"skipped"}}],"tags":[{"name":"@ArrayList"}]}],"tags":[{"name":"@ArrayList","type":"Tag","location":{"line":1,"column":1}}]},{"line":2,"uri":"file:src/test/resources/features/GraphLists.feature","id":"navigation-and-interaction-in-dsalgo-portal---graph-section","keyword":"Feature","name":"Navigation and interaction in dsAlgo Portal - Graph Section","description":"","elements":[{"line":4,"type":"background","keyword":"Background","name":"","description":"","steps":[{"keyword":"Given ","line":5,"match":{},"name":"The user signs in to dsAlgo Portal with username \"TestNinja\" and password \"C5Mha6FkdSAVEN@\"","result":{"status":"undefined"}}]},{"start_timestamp":"2025-11-11T21:56:11.440Z","line":10,"id":"navigation-and-interaction-in-dsalgo-portal---graph-section;verify-user-is-able-to-navigate-to-graph-page","type":"scenario","keyword":"Scenario","name":"Verify user is able to navigate to Graph page","description":"","steps":[{"keyword":"Given ","line":11,"match":{"location":"stepDefinitions.GraphList.the_user_is_on_the_home_page_after_sign_in()"},"name":"The user is on the Home page after Sign in","result":{"duration":996500,"status":"skipped"}},{"keyword":"When ","line":12,"match":{"location":"stepDefinitions.GraphList.the_user_clicks_the_get_started_button_in_graph_panel()"},"name":"The user clicks the Get Started button in Graph Panel","result":{"duration":997400,"status":"skipped"}},{"keyword":"Then ","line":13,"match":{"location":"stepDefinitions.GraphList.the_user_should_be_directed_to_graph_page()"},"name":"The user should be directed to Graph Page","result":{"status":"skipped"}}],"tags":[{"name":"@Graph"}]},{"line":4,"type":"background","keyword":"Background","name":"","description":"","steps":[{"keyword":"Given ","line":5,"match":{},"name":"The user signs in to dsAlgo Portal with username \"TestNinja\" and password \"C5Mha6FkdSAVEN@\"","result":{"status":"undefined"}}]},{"start_timestamp":"2025-11-11T21:56:11.474Z","line":15,"id":"navigation-and-interaction-in-dsalgo-portal---graph-section;verify-user-is-able-to-navigate-to-graph-topic-page","type":"scenario","keyword":"Scenario","name":"Verify user is able to navigate to Graph topic page","description":"","steps":[{"keyword":"Given ","line":16,"match":{"location":"stepDefinitions.GraphList.the_user_is_on_the_home_page_after_sign_in()"},"name":"The user is on the Home page after Sign in","result":{"status":"skipped"}},{"keyword":"When ","line":17,"match":{"location":"stepDefinitions.GraphList.the_user_clicks_the_get_started_button_in_graph_panel()"},"name":"The user clicks the Get Started button in Graph Panel","result":{"status":"skipped"}},{"keyword":"Then ","line":18,"match":{"location":"stepDefinitions.GraphList.the_user_should_be_directed_to_graph_page()"},"name":"The user should be directed to Graph Page","result":{"status":"skipped"}},{"keyword":"And ","line":19,"match":{},"name":"The user clicks \"Graph\" link","result":{"duration":1152100,"status":"skipped"}},{"keyword":"Then ","line":20,"match":{"location":"stepDefinitions.GraphList.the_user_should_be_redirected_to_topic_page(java.lang.String)","arguments":[{"val":"\"Graph\"","offset":33}]},"name":"The user should be redirected to \"Graph\" topic page","result":{"status":"skipped"}}],"tags":[{"name":"@Graph"}]},{"line":4,"type":"background","keyword":"Background","name":"","description":"","steps":[{"keyword":"Given ","line":5,"match":{},"name":"The user signs in to dsAlgo Portal with username \"TestNinja\" and password \"C5Mha6FkdSAVEN@\"","result":{"status":"undefined"}}]},{"start_timestamp":"2025-11-11T21:56:11.501Z","line":22,"id":"navigation-and-interaction-in-dsalgo-portal---graph-section;verify-user-is-able-to-navigate-to-graph-representations-page","type":"scenario","keyword":"Scenario","name":"Verify user is able to navigate to Graph Representations page","description":"","steps":[{"keyword":"Given ","line":23,"match":{"location":"stepDefinitions.GraphList.the_user_is_on_the_home_page_after_sign_in()"},"name":"The user is on the Home page after Sign in","result":{"status":"skipped"}},{"keyword":"When ","line":24,"match":{"location":"stepDefinitions.GraphList.the_user_clicks_the_get_started_button_in_graph_panel()"},"name":"The user clicks the Get Started button in Graph Panel","result":{"status":"skipped"}},{"keyword":"Then ","line":25,"match":{"location":"stepDefinitions.GraphList.the_user_should_be_directed_to_graph_page()"},"name":"The user should be directed to Graph Page","result":{"status":"skipped"}},{"keyword":"And ","line":26,"match":{},"name":"The user clicks \"Graph Representations\" link","result":{"status":"skipped"}},{"keyword":"Then ","line":27,"match":{"location":"stepDefinitions.GraphList.the_user_should_be_redirected_to_topic_page(java.lang.String)","arguments":[{"val":"\"Graph Representations\"","offset":33}]},"name":"The user should be redirected to \"Graph Representations\" topic page","result":{"status":"skipped"}}],"tags":[{"name":"@Graph"}]},{"line":4,"type":"background","keyword":"Background","name":"","description":"","steps":[{"keyword":"Given ","line":5,"match":{},"name":"The user signs in to dsAlgo Portal with username \"TestNinja\" and password \"C5Mha6FkdSAVEN@\"","result":{"status":"undefined"}}]},{"start_timestamp":"2025-11-11T21:56:11.526Z","line":31,"id":"navigation-and-interaction-in-dsalgo-portal---graph-section;verify-user-is-able-to-open-try-editor-from-graph-topic-page","type":"scenario","keyword":"Scenario","name":"Verify user is able to open Try Editor from Graph topic page","description":"","steps":[{"keyword":"Given ","line":32,"match":{"location":"stepDefinitions.GraphList.the_user_is_on_the_home_page_after_sign_in()"},"name":"The user is on the Home page after Sign in","result":{"status":"skipped"}},{"keyword":"When ","line":33,"match":{"location":"stepDefinitions.GraphList.the_user_clicks_the_get_started_button_in_graph_panel()"},"name":"The user clicks the Get Started button in Graph Panel","result":{"status":"skipped"}},{"keyword":"Then ","line":34,"match":{"location":"stepDefinitions.GraphList.the_user_should_be_directed_to_graph_page()"},"name":"The user should be directed to Graph Page","result":{"status":"skipped"}},{"keyword":"And ","line":35,"match":{},"name":"The user clicks \"Graph\" link","result":{"status":"skipped"}},{"keyword":"And ","line":36,"match":{"location":"stepDefinitions.GraphList.the_user_clicks_try_here_button_on_the_topic_page()"},"name":"The user clicks Try Here button on the topic page","result":{"status":"skipped"}},{"keyword":"Then ","line":37,"match":{"location":"stepDefinitions.GraphList.the_user_should_be_redirected_to_a_page_having_a_try_editor_with_a_run_button_to_test()"},"name":"The user should be redirected to a page having a Try Editor with a Run button to test","result":{"duration":1003800,"status":"skipped"}}],"tags":[{"name":"@Graph"}]},{"line":4,"type":"background","keyword":"Background","name":"","description":"","steps":[{"keyword":"Given ","line":5,"match":{},"name":"The user signs in to dsAlgo Portal with username \"TestNinja\" and password \"C5Mha6FkdSAVEN@\"","result":{"status":"undefined"}}]},{"start_timestamp":"2025-11-11T21:56:11.555Z","line":51,"id":"navigation-and-interaction-in-dsalgo-portal---graph-section;verify-error-message-for-empty-&-invalid-python-code-in-try-editor-(graph-topic);;2","type":"scenario","keyword":"Scenario Outline","name":"Verify error message for Empty & invalid python code in Try Editor (Graph topic)","description":"","steps":[{"keyword":"Given ","line":40,"match":{"location":"stepDefinitions.GraphList.the_user_is_on_the_home_page_after_sign_in()"},"name":"The user is on the Home page after Sign in","result":{"status":"skipped"}},{"keyword":"When ","line":41,"match":{"location":"stepDefinitions.GraphList.the_user_clicks_the_get_started_button_in_graph_panel()"},"name":"The user clicks the Get Started button in Graph Panel","result":{"duration":1994300,"status":"skipped"}},{"keyword":"Then ","line":42,"match":{"location":"stepDefinitions.GraphList.the_user_should_be_directed_to_graph_page()"},"name":"The user should be directed to Graph Page","result":{"status":"skipped"}},{"keyword":"And ","line":43,"match":{},"name":"The user clicks \"Graph\" link","result":{"status":"skipped"}},{"keyword":"And ","line":44,"match":{"location":"stepDefinitions.GraphList.the_user_clicks_try_here_button_on_the_topic_page()"},"name":"The user clicks Try Here button on the topic page","result":{"status":"skipped"}},{"keyword":"And ","line":45,"match":{},"name":"The user is on a page having a Try Editor with a Run button to test","result":{"duration":4413100,"status":"skipped"}},{"keyword":"And ","line":46,"match":{"location":"stepDefinitions.ArrayList.the_user_writes_code_in_editor_and_clicks_the_run_button(java.lang.String)","arguments":[{"val":"\"\"","offset":16}]},"name":"The user writes \"\" in Editor and clicks the Run button","result":{"status":"skipped"}},{"keyword":"Then ","line":47,"match":{"location":"stepDefinitions.GraphList.the_user_should_see_an_error_message_in_an_alert_window()"},"name":"The user should see an error message in an alert window","result":{"status":"skipped"}}],"tags":[{"name":"@Graph"}]},{"line":4,"type":"background","keyword":"Background","name":"","description":"","steps":[{"keyword":"Given ","line":5,"match":{},"name":"The user signs in to dsAlgo Portal with username \"TestNinja\" and password \"C5Mha6FkdSAVEN@\"","result":{"status":"undefined"}}]},{"start_timestamp":"2025-11-11T21:56:11.612Z","line":52,"id":"navigation-and-interaction-in-dsalgo-portal---graph-section;verify-error-message-for-empty-&-invalid-python-code-in-try-editor-(graph-topic);;3","type":"scenario","keyword":"Scenario Outline","name":"Verify error message for Empty & invalid python code in Try Editor (Graph topic)","description":"","steps":[{"keyword":"Given ","line":40,"match":{"location":"stepDefinitions.GraphList.the_user_is_on_the_home_page_after_sign_in()"},"name":"The user is on the Home page after Sign in","result":{"duration":1480700,"status":"skipped"}},{"keyword":"When ","line":41,"match":{"location":"stepDefinitions.GraphList.the_user_clicks_the_get_started_button_in_graph_panel()"},"name":"The user clicks the Get Started button in Graph Panel","result":{"status":"skipped"}},{"keyword":"Then ","line":42,"match":{"location":"stepDefinitions.GraphList.the_user_should_be_directed_to_graph_page()"},"name":"The user should be directed to Graph Page","result":{"status":"skipped"}},{"keyword":"And ","line":43,"match":{},"name":"The user clicks \"Graph\" link","result":{"duration":997100,"status":"skipped"}},{"keyword":"And ","line":44,"match":{"location":"stepDefinitions.GraphList.the_user_clicks_try_here_button_on_the_topic_page()"},"name":"The user clicks Try Here button on the topic page","result":{"duration":997300,"status":"skipped"}},{"keyword":"And ","line":45,"match":{},"name":"The user is on a page having a Try Editor with a Run button to test","result":{"duration":999100,"status":"skipped"}},{"keyword":"And ","line":46,"match":{"location":"stepDefinitions.ArrayList.the_user_writes_code_in_editor_and_clicks_the_run_button(java.lang.String)","arguments":[{"val":"\"hi\"","offset":16}]},"name":"The user writes \"hi\" in Editor and clicks the Run button","result":{"status":"skipped"}},{"keyword":"Then ","line":47,"match":{"location":"stepDefinitions.GraphList.the_user_should_see_an_error_message_in_an_alert_window()"},"name":"The user should see an error message in an alert window","result":{"duration":998700,"status":"skipped"}}],"tags":[{"name":"@Graph"}]},{"line":4,"type":"background","keyword":"Background","name":"","description":"","steps":[{"keyword":"Given ","line":5,"match":{},"name":"The user signs in to dsAlgo Portal with username \"TestNinja\" and password \"C5Mha6FkdSAVEN@\"","result":{"status":"undefined"}}]},{"start_timestamp":"2025-11-11T21:56:11.659Z","line":54,"id":"navigation-and-interaction-in-dsalgo-portal---graph-section;verify-output-for-valid-python-code-in-try-editor-(graph-topic)","type":"scenario","keyword":"Scenario","name":"Verify output for valid python code in Try Editor (Graph topic)","description":"","steps":[{"keyword":"Given ","line":55,"match":{"location":"stepDefinitions.GraphList.the_user_is_on_the_home_page_after_sign_in()"},"name":"The user is on the Home page after Sign in","result":{"status":"skipped"}},{"keyword":"When ","line":56,"match":{"location":"stepDefinitions.GraphList.the_user_clicks_the_get_started_button_in_graph_panel()"},"name":"The user clicks the Get Started button in Graph Panel","result":{"status":"skipped"}},{"keyword":"Then ","line":57,"match":{"location":"stepDefinitions.GraphList.the_user_should_be_directed_to_graph_page()"},"name":"The user should be directed to Graph Page","result":{"duration":1280100,"status":"skipped"}},{"keyword":"And ","line":58,"match":{},"name":"The user clicks \"Graph\" link","result":{"status":"skipped"}},{"keyword":"And ","line":59,"match":{"location":"stepDefinitions.GraphList.the_user_clicks_try_here_button_on_the_topic_page()"},"name":"The user clicks Try Here button on the topic page","result":{"status":"skipped"}},{"keyword":"And ","line":60,"match":{},"name":"The user is on a page having a Try Editor with a Run button to test","result":{"status":"skipped"}},{"keyword":"And ","line":61,"match":{},"name":"The user writes valid code in Editor and clicks the Run button","result":{"status":"skipped"}},{"keyword":"Then ","line":62,"match":{"location":"stepDefinitions.ArrayList.the_user_should_see_output_in_the_console()"},"name":"The user should see output in the console","result":{"status":"skipped"}}],"tags":[{"name":"@Graph"}]},{"line":4,"type":"background","keyword":"Background","name":"","description":"","steps":[{"keyword":"Given ","line":5,"match":{},"name":"The user signs in to dsAlgo Portal with username \"TestNinja\" and password \"C5Mha6FkdSAVEN@\"","result":{"status":"undefined"}}]},{"start_timestamp":"2025-11-11T21:56:11.702Z","line":66,"id":"navigation-and-interaction-in-dsalgo-portal---graph-section;verify-user-is-able-to-open-try-editor-from-graph-representations-page","type":"scenario","keyword":"Scenario","name":"Verify user is able to open Try Editor from Graph Representations page","description":"","steps":[{"keyword":"Given ","line":67,"match":{"location":"stepDefinitions.GraphList.the_user_is_on_the_home_page_after_sign_in()"},"name":"The user is on the Home page after Sign in","result":{"status":"skipped"}},{"keyword":"When ","line":68,"match":{"location":"stepDefinitions.GraphList.the_user_clicks_the_get_started_button_in_graph_panel()"},"name":"The user clicks the Get Started button in Graph Panel","result":{"status":"skipped"}},{"keyword":"Then ","line":69,"match":{"location":"stepDefinitions.GraphList.the_user_should_be_directed_to_graph_page()"},"name":"The user should be directed to Graph Page","result":{"duration":996700,"status":"skipped"}},{"keyword":"And ","line":70,"match":{},"name":"The user clicks \"Graph Representations\" link","result":{"duration":996400,"status":"skipped"}},{"keyword":"And ","line":71,"match":{"location":"stepDefinitions.GraphList.the_user_clicks_try_here_button_on_the_topic_page()"},"name":"The user clicks Try Here button on the topic page","result":{"status":"skipped"}},{"keyword":"Then ","line":72,"match":{"location":"stepDefinitions.GraphList.the_user_should_be_redirected_to_a_page_having_a_try_editor_with_a_run_button_to_test()"},"name":"The user should be redirected to a page having a Try Editor with a Run button to test","result":{"status":"skipped"}}],"tags":[{"name":"@Graph"}]},{"line":4,"type":"background","keyword":"Background","name":"","description":"","steps":[{"keyword":"Given ","line":5,"match":{},"name":"The user signs in to dsAlgo Portal with username \"TestNinja\" and password \"C5Mha6FkdSAVEN@\"","result":{"status":"undefined"}}]},{"start_timestamp":"2025-11-11T21:56:11.722Z","line":86,"id":"navigation-and-interaction-in-dsalgo-portal---graph-section;verify-error-message-for-empty-&-invalid-python-code-in-try-editor-(graph-representations);;2","type":"scenario","keyword":"Scenario Outline","name":"Verify error message for Empty & invalid python code in Try Editor (Graph Representations)","description":"","steps":[{"keyword":"Given ","line":75,"match":{"location":"stepDefinitions.GraphList.the_user_is_on_the_home_page_after_sign_in()"},"name":"The user is on the Home page after Sign in","result":{"duration":1501100,"status":"skipped"}},{"keyword":"When ","line":76,"match":{"location":"stepDefinitions.GraphList.the_user_clicks_the_get_started_button_in_graph_panel()"},"name":"The user clicks the Get Started button in Graph Panel","result":{"duration":1394200,"status":"skipped"}},{"keyword":"Then ","line":77,"match":{"location":"stepDefinitions.GraphList.the_user_should_be_directed_to_graph_page()"},"name":"The user should be directed to Graph Page","result":{"status":"skipped"}},{"keyword":"And ","line":78,"match":{},"name":"The user clicks \"Graph Representations\" link","result":{"duration":998500,"status":"skipped"}},{"keyword":"And ","line":79,"match":{"location":"stepDefinitions.GraphList.the_user_clicks_try_here_button_on_the_topic_page()"},"name":"The user clicks Try Here button on the topic page","result":{"status":"skipped"}},{"keyword":"And ","line":80,"match":{},"name":"The user is on a page having a Try Editor with a Run button to test","result":{"status":"skipped"}},{"keyword":"And ","line":81,"match":{"location":"stepDefinitions.ArrayList.the_user_writes_code_in_editor_and_clicks_the_run_button(java.lang.String)","arguments":[{"val":"\"\"","offset":16}]},"name":"The user writes \"\" in Editor and clicks the Run button","result":{"status":"skipped"}},{"keyword":"Then ","line":82,"match":{"location":"stepDefinitions.GraphList.the_user_should_see_an_error_message_in_an_alert_window()"},"name":"The user should see an error message in an alert window","result":{"status":"skipped"}}],"tags":[{"name":"@Graph"}]},{"line":4,"type":"background","keyword":"Background","name":"","description":"","steps":[{"keyword":"Given ","line":5,"match":{},"name":"The user signs in to dsAlgo Portal with username \"TestNinja\" and password \"C5Mha6FkdSAVEN@\"","result":{"status":"undefined"}}]},{"start_timestamp":"2025-11-11T21:56:11.750Z","line":87,"id":"navigation-and-interaction-in-dsalgo-portal---graph-section;verify-error-message-for-empty-&-invalid-python-code-in-try-editor-(graph-representations);;3","type":"scenario","keyword":"Scenario Outline","name":"Verify error message for Empty & invalid python code in Try Editor (Graph Representations)","description":"","steps":[{"keyword":"Given ","line":75,"match":{"location":"stepDefinitions.GraphList.the_user_is_on_the_home_page_after_sign_in()"},"name":"The user is on the Home page after Sign in","result":{"duration":997900,"status":"skipped"}},{"keyword":"When ","line":76,"match":{"location":"stepDefinitions.GraphList.the_user_clicks_the_get_started_button_in_graph_panel()"},"name":"The user clicks the Get Started button in Graph Panel","result":{"duration":996800,"status":"skipped"}},{"keyword":"Then ","line":77,"match":{"location":"stepDefinitions.GraphList.the_user_should_be_directed_to_graph_page()"},"name":"The user should be directed to Graph Page","result":{"status":"skipped"}},{"keyword":"And ","line":78,"match":{},"name":"The user clicks \"Graph Representations\" link","result":{"status":"skipped"}},{"keyword":"And ","line":79,"match":{"location":"stepDefinitions.GraphList.the_user_clicks_try_here_button_on_the_topic_page()"},"name":"The user clicks Try Here button on the topic page","result":{"duration":997100,"status":"skipped"}},{"keyword":"And ","line":80,"match":{},"name":"The user is on a page having a Try Editor with a Run button to test","result":{"status":"skipped"}},{"keyword":"And ","line":81,"match":{"location":"stepDefinitions.ArrayList.the_user_writes_code_in_editor_and_clicks_the_run_button(java.lang.String)","arguments":[{"val":"\"hi\"","offset":16}]},"name":"The user writes \"hi\" in Editor and clicks the Run button","result":{"status":"skipped"}},{"keyword":"Then ","line":82,"match":{"location":"stepDefinitions.GraphList.the_user_should_see_an_error_message_in_an_alert_window()"},"name":"The user should see an error message in an alert window","result":{"status":"skipped"}}],"tags":[{"name":"@Graph"}]},{"line":4,"type":"background","keyword":"Background","name":"","description":"","steps":[{"keyword":"Given ","line":5,"match":{},"name":"The user signs in to dsAlgo Portal with username \"TestNinja\" and password \"C5Mha6FkdSAVEN@\"","result":{"status":"undefined"}}]},{"start_timestamp":"2025-11-11T21:56:11.775Z","line":89,"id":"navigation-and-interaction-in-dsalgo-portal---graph-section;verify-output-for-valid-python-code-in-try-editor-(graph-representations)","type":"scenario","keyword":"Scenario","name":"Verify output for valid python code in Try Editor (Graph Representations)","description":"","steps":[{"keyword":"Given ","line":90,"match":{"location":"stepDefinitions.GraphList.the_user_is_on_the_home_page_after_sign_in()"},"name":"The user is on the Home page after Sign in","result":{"status":"skipped"}},{"keyword":"When ","line":91,"match":{"location":"stepDefinitions.GraphList.the_user_clicks_the_get_started_button_in_graph_panel()"},"name":"The user clicks the Get Started button in Graph Panel","result":{"status":"skipped"}},{"keyword":"Then ","line":92,"match":{"location":"stepDefinitions.GraphList.the_user_should_be_directed_to_graph_page()"},"name":"The user should be directed to Graph Page","result":{"status":"skipped"}},{"keyword":"And ","line":93,"match":{},"name":"The user clicks \"Graph Representations\" link","result":{"duration":996400,"status":"skipped"}},{"keyword":"And ","line":94,"match":{"location":"stepDefinitions.GraphList.the_user_clicks_try_here_button_on_the_topic_page()"},"name":"The user clicks Try Here button on the topic page","result":{"status":"skipped"}},{"keyword":"And ","line":95,"match":{},"name":"The user is on a page having a Try Editor with a Run button to test","result":{"duration":997700,"status":"skipped"}},{"keyword":"And ","line":96,"match":{},"name":"The user writes valid code in Editor and clicks the Run button","result":{"status":"skipped"}},{"keyword":"Then ","line":97,"match":{"location":"stepDefinitions.ArrayList.the_user_should_see_output_in_the_console()"},"name":"The user should see output in the console","result":{"status":"skipped"}}],"tags":[{"name":"@Graph"}]},{"line":4,"type":"background","keyword":"Background","name":"","description":"","steps":[{"keyword":"Given ","line":5,"match":{},"name":"The user signs in to dsAlgo Portal with username \"TestNinja\" and password \"C5Mha6FkdSAVEN@\"","result":{"status":"undefined"}}]},{"start_timestamp":"2025-11-11T21:56:11.796Z","line":101,"id":"navigation-and-interaction-in-dsalgo-portal---graph-section;verify-practice-questions-list-is-accessible-from-graph-section","type":"scenario","keyword":"Scenario","name":"Verify Practice Questions list is accessible from Graph section","description":"","steps":[{"keyword":"Given ","line":102,"match":{"location":"stepDefinitions.GraphList.the_user_is_on_the_home_page_after_sign_in()"},"name":"The user is on the Home page after Sign in","result":{"status":"skipped"}},{"keyword":"When ","line":103,"match":{"location":"stepDefinitions.GraphList.the_user_clicks_the_get_started_button_in_graph_panel()"},"name":"The user clicks the Get Started button in Graph Panel","result":{"status":"skipped"}},{"keyword":"Then ","line":104,"match":{"location":"stepDefinitions.GraphList.the_user_should_be_directed_to_graph_page()"},"name":"The user should be directed to Graph Page","result":{"duration":1993500,"status":"skipped"}},{"keyword":"And ","line":105,"match":{},"name":"The user clicks \"Practice Questions\" link","result":{"status":"skipped"}},{"keyword":"Then ","line":106,"match":{},"name":"The user should be redirected to Practice Questions page for Graph","result":{"status":"skipped"}}],"tags":[{"name":"@Graph"}]}],"tags":[{"name":"@Graph","type":"Tag","location":{"line":1,"column":1}}]},{"line":1,"uri":"file:src/test/resources/features/LinkedList.feature","id":"navigation-and-interaction-in-dsalgo-portal---linked-list-section","keyword":"Feature","name":"Navigation and interaction in dsAlgo Portal - Linked List Section","description":"","elements":[{"line":3,"type":"background","keyword":"Background","name":"","description":"","steps":[{"keyword":"Given ","line":4,"match":{"location":"stepDefinitions.ArrayList.the_user_sign_in_to_ds_algo_portal_entering_firstname_vara_password_varam(java.lang.String,java.lang.String)","arguments":[{"val":"Vara","offset":53},{"val":"Varam@123","offset":69}]},"name":"The user sign in to dsAlgo Portal entering firstname Vara & password Varam@123","result":{"duration":5725130200,"status":"failed","error_message":"org.openqa.selenium.NoSuchElementException: no such element: Unable to locate element: {\"method\":\"xpath\",\"selector\":\"//a[@href='/login']\"}\n  (Session info: chrome=142.0.7444.60)\nFor documentation on this error, please visit: https://www.selenium.dev/documentation/webdriver/troubleshooting/errors#nosuchelementexception\nBuild info: version: '4.37.0', revision: '3c1da1e342'\nSystem info: os.name: 'Windows 11', os.arch: 'amd64', os.version: '10.0', java.version: '24.0.2'\nDriver info: org.openqa.selenium.chrome.ChromeDriver\nCommand: [eb49b830cde14319b5214d36b47e0a20, findElement {value=//a[@href='/login'], using=xpath}]\nCapabilities {acceptInsecureCerts: false, browserName: chrome, browserVersion: 142.0.7444.60, chrome: {chromedriverVersion: 142.0.7444.162 (c076baf266c..., userDataDir: C:\\Users\\HAPPYF~1\\AppData\\L...}, fedcm:accounts: true, goog:chromeOptions: {debuggerAddress: localhost:57331}, goog:processID: 3052, networkConnectionEnabled: false, pageLoadStrategy: normal, platformName: windows, proxy: Proxy(), se:cdp: ws://localhost:57331/devtoo..., se:cdpVersion: 142.0.7444.60, setWindowRect: true, strictFileInteractability: false, timeouts: {implicit: 0, pageLoad: 300000, script: 30000}, unhandledPromptBehavior: dismiss and notify, webauthn:extension:credBlob: true, webauthn:extension:largeBlob: true, webauthn:extension:minPinLength: true, webauthn:extension:prf: true, webauthn:virtualAuthenticators: true}\nSession ID: eb49b830cde14319b5214d36b47e0a20\r\n\tat java.base/jdk.internal.reflect.DirectConstructorHandleAccessor.newInstance(DirectConstructorHandleAccessor.java:62)\r\n\tat java.base/java.lang.reflect.Constructor.newInstanceWithCaller(Constructor.java:499)\r\n\tat java.base/java.lang.reflect.Constructor.newInstance(Constructor.java:483)\r\n\tat org.openqa.selenium.remote.ErrorCodec.decode(ErrorCodec.java:167)\r\n\tat org.openqa.selenium.remote.codec.w3c.W3CHttpResponseCodec.decode(W3CHttpResponseCodec.java:138)\r\n\tat org.openqa.selenium.remote.codec.w3c.W3CHttpResponseCodec.decode(W3CHttpResponseCodec.java:50)\r\n\tat org.openqa.selenium.remote.HttpCommandExecutor.execute(HttpCommandExecutor.java:215)\r\n\tat org.openqa.selenium.remote.service.DriverCommandExecutor.invokeExecute(DriverCommandExecutor.java:216)\r\n\tat org.openqa.selenium.remote.service.DriverCommandExecutor.execute(DriverCommandExecutor.java:174)\r\n\tat org.openqa.selenium.remote.RemoteWebDriver.execute(RemoteWebDriver.java:557)\r\n\tat org.openqa.selenium.remote.ElementLocation$ElementFinder$2.findElement(ElementLocation.java:165)\r\n\tat org.openqa.selenium.remote.ElementLocation.findElement(ElementLocation.java:59)\r\n\tat org.openqa.selenium.remote.RemoteWebDriver.findElement(RemoteWebDriver.java:380)\r\n\tat org.openqa.selenium.remote.RemoteWebDriver.findElement(RemoteWebDriver.java:374)\r\n\tat org.openqa.selenium.support.pagefactory.DefaultElementLocator.findElement(DefaultElementLocator.java:68)\r\n\tat org.openqa.selenium.support.pagefactory.internal.LocatingElementHandler.invoke(LocatingElementHandler.java:38)\r\n\tat jdk.proxy2/jdk.proxy2.$Proxy22.click(Unknown Source)\r\n\tat pageObjects.LoginPage.loginApplication(LoginPage.java:34)\r\n\tat stepDefinitions.ArrayList.the_user_sign_in_to_ds_algo_portal_entering_firstname_vara_password_varam(ArrayList.java:29)\r\n\tat ✽.The user sign in to dsAlgo Portal entering firstname Vara & password Varam@123(file:///C:/Users/Happy%20Family/Downloads/ds_algo_cucumber-master/ds_algo_cucumber-master/src/test/resources/features/LinkedList.feature:4)\r\n"}}]},{"start_timestamp":"2025-11-11T21:56:11.825Z","line":6,"id":"navigation-and-interaction-in-dsalgo-portal---linked-list-section;verify-user-is-able-to-navigate-to-linked-list-page","type":"scenario","keyword":"Scenario","name":"Verify user is able to navigate to Linked List Page","description":"","steps":[{"keyword":"Given ","line":7,"match":{"location":"stepDefinitions.ArrayList.the_user_is_in_the_home_page_after_sign_in()"},"name":"The user is in the Home page after Sign in","result":{"status":"skipped"}},{"keyword":"When ","line":8,"match":{},"name":"The user clicks the Get Started button","result":{"status":"skipped"}},{"keyword":"Then ","line":9,"match":{},"name":"The user should be directed to Linked List Page","result":{"status":"skipped"}}]},{"line":3,"type":"background","keyword":"Background","name":"","description":"","steps":[{"keyword":"Given ","line":4,"match":{"location":"stepDefinitions.ArrayList.the_user_sign_in_to_ds_algo_portal_entering_firstname_vara_password_varam(java.lang.String,java.lang.String)","arguments":[{"val":"Vara","offset":53},{"val":"Varam@123","offset":69}]},"name":"The user sign in to dsAlgo Portal entering firstname Vara & password Varam@123","result":{"duration":3221681300,"status":"failed","error_message":"org.openqa.selenium.NoSuchElementException: Unable to find element with locator By.xpath: //a[@href='/login']\nFor documentation on this error, please visit: https://www.selenium.dev/documentation/webdriver/troubleshooting/errors#nosuchelementexception\nBuild info: version: '4.37.0', revision: '3c1da1e342'\nSystem info: os.name: 'Windows 11', os.arch: 'amd64', os.version: '10.0', java.version: '24.0.2'\nDriver info: driver.version: RemoteWebDriver\r\n\tat org.openqa.selenium.remote.ElementLocation$ElementFinder$2.findElement(ElementLocation.java:168)\r\n\tat org.openqa.selenium.remote.ElementLocation.findElement(ElementLocation.java:59)\r\n\tat org.openqa.selenium.remote.RemoteWebDriver.findElement(RemoteWebDriver.java:380)\r\n\tat org.openqa.selenium.remote.RemoteWebDriver.findElement(RemoteWebDriver.java:374)\r\n\tat org.openqa.selenium.support.pagefactory.DefaultElementLocator.findElement(DefaultElementLocator.java:68)\r\n\tat org.openqa.selenium.support.pagefactory.internal.LocatingElementHandler.invoke(LocatingElementHandler.java:38)\r\n\tat jdk.proxy2/jdk.proxy2.$Proxy22.click(Unknown Source)\r\n\tat pageObjects.LoginPage.loginApplication(LoginPage.java:34)\r\n\tat stepDefinitions.ArrayList.the_user_sign_in_to_ds_algo_portal_entering_firstname_vara_password_varam(ArrayList.java:29)\r\n\tat ✽.The user sign in to dsAlgo Portal entering firstname Vara & password Varam@123(file:///C:/Users/Happy%20Family/Downloads/ds_algo_cucumber-master/ds_algo_cucumber-master/src/test/resources/features/LinkedList.feature:4)\r\n"}}]},{"start_timestamp":"2025-11-11T21:56:17.568Z","line":11,"id":"navigation-and-interaction-in-dsalgo-portal---linked-list-section;verify-user-is-able-to-navigate-to-introduction-page","type":"scenario","keyword":"Scenario","name":"Verify user is able to navigate to Introduction page","description":"","steps":[{"keyword":"Given ","line":12,"match":{"location":"stepDefinitions.ArrayList.the_user_is_in_the_home_page_after_sign_in()"},"name":"The user is in the Home page after Sign in","result":{"status":"skipped"}},{"keyword":"When ","line":13,"match":{},"name":"The user clicks the Get Started button","result":{"status":"skipped"}},{"keyword":"And ","line":14,"match":{},"name":"The user should be directed to Linked List Page","result":{"status":"skipped"}},{"keyword":"And ","line":15,"match":{},"name":"The user clicks Introduction link","result":{"status":"skipped"}},{"keyword":"Then ","line":16,"match":{},"name":"The user should be redirected to Introduction page","result":{"status":"skipped"}}]},{"line":3,"type":"background","keyword":"Background","name":"","description":"","steps":[{"keyword":"Given ","line":4,"match":{"location":"stepDefinitions.ArrayList.the_user_sign_in_to_ds_algo_portal_entering_firstname_vara_password_varam(java.lang.String,java.lang.String)","arguments":[{"val":"Vara","offset":53},{"val":"Varam@123","offset":69}]},"name":"The user sign in to dsAlgo Portal entering firstname Vara & password Varam@123","result":{"duration":20711300,"status":"failed","error_message":"org.openqa.selenium.NoSuchWindowException: no such window: target window already closed\nfrom unknown error: web view not found\n  (Session info: chrome=142.0.7444.60)\nBuild info: version: '4.37.0', revision: '3c1da1e342'\nSystem info: os.name: 'Windows 11', os.arch: 'amd64', os.version: '10.0', java.version: '24.0.2'\nDriver info: org.openqa.selenium.chrome.ChromeDriver\nCommand: [eb49b830cde14319b5214d36b47e0a20, get {url=https://dsportalapp.herokuapp.com/}]\nCapabilities {acceptInsecureCerts: false, browserName: chrome, browserVersion: 142.0.7444.60, chrome: {chromedriverVersion: 142.0.7444.162 (c076baf266c..., userDataDir: C:\\Users\\HAPPYF~1\\AppData\\L...}, fedcm:accounts: true, goog:chromeOptions: {debuggerAddress: localhost:57331}, goog:processID: 3052, networkConnectionEnabled: false, pageLoadStrategy: normal, platformName: windows, proxy: Proxy(), se:cdp: ws://localhost:57331/devtoo..., se:cdpVersion: 142.0.7444.60, setWindowRect: true, strictFileInteractability: false, timeouts: {implicit: 0, pageLoad: 300000, script: 30000}, unhandledPromptBehavior: dismiss and notify, webauthn:extension:credBlob: true, webauthn:extension:largeBlob: true, webauthn:extension:minPinLength: true, webauthn:extension:prf: true, webauthn:virtualAuthenticators: true}\nSession ID: eb49b830cde14319b5214d36b47e0a20\r\n\tat java.base/jdk.internal.reflect.DirectConstructorHandleAccessor.newInstance(DirectConstructorHandleAccessor.java:62)\r\n\tat java.base/java.lang.reflect.Constructor.newInstanceWithCaller(Constructor.java:499)\r\n\tat java.base/java.lang.reflect.Constructor.newInstance(Constructor.java:483)\r\n\tat org.openqa.selenium.remote.ErrorCodec.decode(ErrorCodec.java:167)\r\n\tat org.openqa.selenium.remote.codec.w3c.W3CHttpResponseCodec.decode(W3CHttpResponseCodec.java:138)\r\n\tat org.openqa.selenium.remote.codec.w3c.W3CHttpResponseCodec.decode(W3CHttpResponseCodec.java:50)\r\n\tat org.openqa.selenium.remote.HttpCommandExecutor.execute(HttpCommandExecutor.java:215)\r\n\tat org.openqa.selenium.remote.service.DriverCommandExecutor.invokeExecute(DriverCommandExecutor.java:216)\r\n\tat org.openqa.selenium.remote.service.DriverCommandExecutor.execute(DriverCommandExecutor.java:174)\r\n\tat org.openqa.selenium.remote.RemoteWebDriver.execute(RemoteWebDriver.java:557)\r\n\tat org.openqa.selenium.remote.RemoteWebDriver.get(RemoteWebDriver.java:325)\r\n\tat pageObjects.LoginPage.goTo(LoginPage.java:40)\r\n\tat stepDefinitions.ArrayList.the_user_sign_in_to_ds_algo_portal_entering_firstname_vara_password_varam(ArrayList.java:28)\r\n\tat ✽.The user sign in to dsAlgo Portal entering firstname Vara & password Varam@123(file:///C:/Users/Happy%20Family/Downloads/ds_algo_cucumber-master/ds_algo_cucumber-master/src/test/resources/features/LinkedList.feature:4)\r\n"}}]},{"start_timestamp":"2025-11-11T21:56:20.809Z","line":18,"id":"navigation-and-interaction-in-dsalgo-portal---linked-list-section;verify-user-is-able-to-navigate-to-try-here-page-for-introduction-page","type":"scenario","keyword":"Scenario","name":"Verify user is able to navigate to Try here page for Introduction page","description":"","steps":[{"keyword":"Given ","line":19,"match":{},"name":"the user is on the Home page after signing in","result":{"status":"skipped"}},{"keyword":"When ","line":20,"match":{},"name":"the user clicks the Get Started button","result":{"status":"skipped"}},{"keyword":"Then ","line":21,"match":{},"name":"the user should be navigated to the Linked List page","result":{"duration":1159100,"status":"skipped"}},{"keyword":"When ","line":22,"match":{},"name":"the user clicks the Introduction link","result":{"status":"skipped"}},{"keyword":"And ","line":23,"match":{},"name":"the user clicks the Try Here button on the Introduction page","result":{"status":"skipped"}},{"keyword":"Then ","line":24,"match":{},"name":"the user should be redirected to a page containing a Try Editor with a Run button to test code","result":{"status":"skipped"}}]},{"line":3,"type":"background","keyword":"Background","name":"","description":"","steps":[{"keyword":"Given ","line":4,"match":{"location":"stepDefinitions.ArrayList.the_user_sign_in_to_ds_algo_portal_entering_firstname_vara_password_varam(java.lang.String,java.lang.String)","arguments":[{"val":"Vara","offset":53},{"val":"Varam@123","offset":69}]},"name":"The user sign in to dsAlgo Portal entering firstname Vara & password Varam@123","result":{"duration":14688200,"status":"failed","error_message":"org.openqa.selenium.NoSuchWindowException: no such window: target window already closed\nfrom unknown error: web view not found\n  (Session info: chrome=142.0.7444.60)\nBuild info: version: '4.37.0', revision: '3c1da1e342'\nSystem info: os.name: 'Windows 11', os.arch: 'amd64', os.version: '10.0', java.version: '24.0.2'\nDriver info: org.openqa.selenium.chrome.ChromeDriver\nCommand: [eb49b830cde14319b5214d36b47e0a20, get {url=https://dsportalapp.herokuapp.com/}]\nCapabilities {acceptInsecureCerts: false, browserName: chrome, browserVersion: 142.0.7444.60, chrome: {chromedriverVersion: 142.0.7444.162 (c076baf266c..., userDataDir: C:\\Users\\HAPPYF~1\\AppData\\L...}, fedcm:accounts: true, goog:chromeOptions: {debuggerAddress: localhost:57331}, goog:processID: 3052, networkConnectionEnabled: false, pageLoadStrategy: normal, platformName: windows, proxy: Proxy(), se:cdp: ws://localhost:57331/devtoo..., se:cdpVersion: 142.0.7444.60, setWindowRect: true, strictFileInteractability: false, timeouts: {implicit: 0, pageLoad: 300000, script: 30000}, unhandledPromptBehavior: dismiss and notify, webauthn:extension:credBlob: true, webauthn:extension:largeBlob: true, webauthn:extension:minPinLength: true, webauthn:extension:prf: true, webauthn:virtualAuthenticators: true}\nSession ID: eb49b830cde14319b5214d36b47e0a20\r\n\tat java.base/jdk.internal.reflect.DirectConstructorHandleAccessor.newInstance(DirectConstructorHandleAccessor.java:62)\r\n\tat java.base/java.lang.reflect.Constructor.newInstanceWithCaller(Constructor.java:499)\r\n\tat java.base/java.lang.reflect.Constructor.newInstance(Constructor.java:483)\r\n\tat org.openqa.selenium.remote.ErrorCodec.decode(ErrorCodec.java:167)\r\n\tat org.openqa.selenium.remote.codec.w3c.W3CHttpResponseCodec.decode(W3CHttpResponseCodec.java:138)\r\n\tat org.openqa.selenium.remote.codec.w3c.W3CHttpResponseCodec.decode(W3CHttpResponseCodec.java:50)\r\n\tat org.openqa.selenium.remote.HttpCommandExecutor.execute(HttpCommandExecutor.java:215)\r\n\tat org.openqa.selenium.remote.service.DriverCommandExecutor.invokeExecute(DriverCommandExecutor.java:216)\r\n\tat org.openqa.selenium.remote.service.DriverCommandExecutor.execute(DriverCommandExecutor.java:174)\r\n\tat org.openqa.selenium.remote.RemoteWebDriver.execute(RemoteWebDriver.java:557)\r\n\tat org.openqa.selenium.remote.RemoteWebDriver.get(RemoteWebDriver.java:325)\r\n\tat pageObjects.LoginPage.goTo(LoginPage.java:40)\r\n\tat stepDefinitions.ArrayList.the_user_sign_in_to_ds_algo_portal_entering_firstname_vara_password_varam(ArrayList.java:28)\r\n\tat ✽.The user sign in to dsAlgo Portal entering firstname Vara & password Varam@123(file:///C:/Users/Happy%20Family/Downloads/ds_algo_cucumber-master/ds_algo_cucumber-master/src/test/resources/features/LinkedList.feature:4)\r\n"}}]},{"start_timestamp":"2025-11-11T21:56:20.853Z","line":26,"id":"navigation-and-interaction-in-dsalgo-portal---linked-list-section;scenario-outline:-verify-error-message-for-empty-&-invalid-code-in-tryeditor-page","type":"scenario","keyword":"Scenario","name":"Scenario Outline: Verify error message for Empty & invalid code in tryEditor page","description":"","steps":[{"keyword":"Given ","line":27,"match":{},"name":"the user is on the Home page after signing in","result":{"duration":1010600,"status":"skipped"}},{"keyword":"When ","line":28,"match":{},"name":"the user clicks the Get Started button","result":{"status":"skipped"}},{"keyword":"Then ","line":29,"match":{},"name":"the user should be navigated to the Linked List page","result":{"status":"skipped"}},{"keyword":"When ","line":30,"match":{},"name":"the user clicks the Introduction link","result":{"duration":1435100,"status":"skipped"}},{"keyword":"And ","line":31,"match":{},"name":"the user clicks the Try Here button on the Introduction page","result":{"status":"skipped"}},{"keyword":"Then ","line":32,"match":{},"name":"the user should be redirected to a page containing a Try Editor with a Run button to test code","result":{"status":"skipped"}},{"keyword":"And ","line":33,"match":{"location":"stepDefinitions.ArrayList.the_user_writes_code_in_editor_and_clicks_the_run_button(java.lang.String)","arguments":[{"val":"\"<code>\"","offset":16}]},"name":"The user writes \"<code>\" in Editor and clicks the Run button","result":{"status":"skipped"}},{"keyword":"Then ","line":34,"match":{"location":"stepDefinitions.ArrayList.the_user_should_see_an_error_message_in_alert_window()"},"name":"The user should see an error message in alert window","result":{"status":"skipped"}}]},{"line":3,"type":"background","keyword":"Background","name":"","description":"","steps":[{"keyword":"Given ","line":4,"match":{"location":"stepDefinitions.ArrayList.the_user_sign_in_to_ds_algo_portal_entering_firstname_vara_password_varam(java.lang.String,java.lang.String)","arguments":[{"val":"Vara","offset":53},{"val":"Varam@123","offset":69}]},"name":"The user sign in to dsAlgo Portal entering firstname Vara & password Varam@123","result":{"duration":15180000,"status":"failed","error_message":"org.openqa.selenium.NoSuchWindowException: no such window: target window already closed\nfrom unknown error: web view not found\n  (Session info: chrome=142.0.7444.60)\nBuild info: version: '4.37.0', revision: '3c1da1e342'\nSystem info: os.name: 'Windows 11', os.arch: 'amd64', os.version: '10.0', java.version: '24.0.2'\nDriver info: org.openqa.selenium.chrome.ChromeDriver\nCommand: [eb49b830cde14319b5214d36b47e0a20, get {url=https://dsportalapp.herokuapp.com/}]\nCapabilities {acceptInsecureCerts: false, browserName: chrome, browserVersion: 142.0.7444.60, chrome: {chromedriverVersion: 142.0.7444.162 (c076baf266c..., userDataDir: C:\\Users\\HAPPYF~1\\AppData\\L...}, fedcm:accounts: true, goog:chromeOptions: {debuggerAddress: localhost:57331}, goog:processID: 3052, networkConnectionEnabled: false, pageLoadStrategy: normal, platformName: windows, proxy: Proxy(), se:cdp: ws://localhost:57331/devtoo..., se:cdpVersion: 142.0.7444.60, setWindowRect: true, strictFileInteractability: false, timeouts: {implicit: 0, pageLoad: 300000, script: 30000}, unhandledPromptBehavior: dismiss and notify, webauthn:extension:credBlob: true, webauthn:extension:largeBlob: true, webauthn:extension:minPinLength: true, webauthn:extension:prf: true, webauthn:virtualAuthenticators: true}\nSession ID: eb49b830cde14319b5214d36b47e0a20\r\n\tat java.base/jdk.internal.reflect.DirectConstructorHandleAccessor.newInstance(DirectConstructorHandleAccessor.java:62)\r\n\tat java.base/java.lang.reflect.Constructor.newInstanceWithCaller(Constructor.java:499)\r\n\tat java.base/java.lang.reflect.Constructor.newInstance(Constructor.java:483)\r\n\tat org.openqa.selenium.remote.ErrorCodec.decode(ErrorCodec.java:167)\r\n\tat org.openqa.selenium.remote.codec.w3c.W3CHttpResponseCodec.decode(W3CHttpResponseCodec.java:138)\r\n\tat org.openqa.selenium.remote.codec.w3c.W3CHttpResponseCodec.decode(W3CHttpResponseCodec.java:50)\r\n\tat org.openqa.selenium.remote.HttpCommandExecutor.execute(HttpCommandExecutor.java:215)\r\n\tat org.openqa.selenium.remote.service.DriverCommandExecutor.invokeExecute(DriverCommandExecutor.java:216)\r\n\tat org.openqa.selenium.remote.service.DriverCommandExecutor.execute(DriverCommandExecutor.java:174)\r\n\tat org.openqa.selenium.remote.RemoteWebDriver.execute(RemoteWebDriver.java:557)\r\n\tat org.openqa.selenium.remote.RemoteWebDriver.get(RemoteWebDriver.java:325)\r\n\tat pageObjects.LoginPage.goTo(LoginPage.java:40)\r\n\tat stepDefinitions.ArrayList.the_user_sign_in_to_ds_algo_portal_entering_firstname_vara_password_varam(ArrayList.java:28)\r\n\tat ✽.The user sign in to dsAlgo Portal entering firstname Vara & password Varam@123(file:///C:/Users/Happy%20Family/Downloads/ds_algo_cucumber-master/ds_algo_cucumber-master/src/test/resources/features/LinkedList.feature:4)\r\n"}}]},{"start_timestamp":"2025-11-11T21:56:20.888Z","line":36,"id":"navigation-and-interaction-in-dsalgo-portal---linked-list-section;verify-user-is-able-to-see-output-for-valid-linked-list-code-for-\"introduction\"-page","type":"scenario","keyword":"Scenario","name":"Verify user is able to see output for valid Linked List code for \"Introduction\" page","description":"","steps":[{"keyword":"Given ","line":37,"match":{},"name":"the user is on the Home page after signing in","result":{"status":"skipped"}},{"keyword":"When ","line":38,"match":{},"name":"the user clicks the Get Started button","result":{"duration":1293700,"status":"skipped"}},{"keyword":"Then ","line":39,"match":{},"name":"the user should be navigated to the Linked List page","result":{"status":"skipped"}},{"keyword":"When ","line":40,"match":{},"name":"the user clicks the Introduction link","result":{"status":"skipped"}},{"keyword":"And ","line":41,"match":{},"name":"the user clicks the Try Here button on the Introduction page","result":{"status":"skipped"}},{"keyword":"Then ","line":42,"match":{},"name":"the user should be redirected to a page containing a Try Editor with a Run button to test code","result":{"status":"skipped"}},{"keyword":"And ","line":44,"match":{"location":"stepDefinitions.ArrayList.the_user_writes_valid_code_in_editor_and_clicks_the_run_button()"},"name":"The user writes valid code in Editor and clicks the Run Button","result":{"duration":1013400,"status":"skipped"}},{"keyword":"Then ","line":45,"match":{"location":"stepDefinitions.ArrayList.the_user_should_see_output_in_the_console()"},"name":"The user should see output in the console","result":{"status":"skipped"}}]},{"line":3,"type":"background","keyword":"Background","name":"","description":"","steps":[{"keyword":"Given ","line":4,"match":{"location":"stepDefinitions.ArrayList.the_user_sign_in_to_ds_algo_portal_entering_firstname_vara_password_varam(java.lang.String,java.lang.String)","arguments":[{"val":"Vara","offset":53},{"val":"Varam@123","offset":69}]},"name":"The user sign in to dsAlgo Portal entering firstname Vara & password Varam@123","result":{"duration":20176600,"status":"failed","error_message":"org.openqa.selenium.NoSuchWindowException: no such window: target window already closed\nfrom unknown error: web view not found\n  (Session info: chrome=142.0.7444.60)\nBuild info: version: '4.37.0', revision: '3c1da1e342'\nSystem info: os.name: 'Windows 11', os.arch: 'amd64', os.version: '10.0', java.version: '24.0.2'\nDriver info: org.openqa.selenium.chrome.ChromeDriver\nCommand: [eb49b830cde14319b5214d36b47e0a20, get {url=https://dsportalapp.herokuapp.com/}]\nCapabilities {acceptInsecureCerts: false, browserName: chrome, browserVersion: 142.0.7444.60, chrome: {chromedriverVersion: 142.0.7444.162 (c076baf266c..., userDataDir: C:\\Users\\HAPPYF~1\\AppData\\L...}, fedcm:accounts: true, goog:chromeOptions: {debuggerAddress: localhost:57331}, goog:processID: 3052, networkConnectionEnabled: false, pageLoadStrategy: normal, platformName: windows, proxy: Proxy(), se:cdp: ws://localhost:57331/devtoo..., se:cdpVersion: 142.0.7444.60, setWindowRect: true, strictFileInteractability: false, timeouts: {implicit: 0, pageLoad: 300000, script: 30000}, unhandledPromptBehavior: dismiss and notify, webauthn:extension:credBlob: true, webauthn:extension:largeBlob: true, webauthn:extension:minPinLength: true, webauthn:extension:prf: true, webauthn:virtualAuthenticators: true}\nSession ID: eb49b830cde14319b5214d36b47e0a20\r\n\tat java.base/jdk.internal.reflect.DirectConstructorHandleAccessor.newInstance(DirectConstructorHandleAccessor.java:62)\r\n\tat java.base/java.lang.reflect.Constructor.newInstanceWithCaller(Constructor.java:499)\r\n\tat java.base/java.lang.reflect.Constructor.newInstance(Constructor.java:483)\r\n\tat org.openqa.selenium.remote.ErrorCodec.decode(ErrorCodec.java:167)\r\n\tat org.openqa.selenium.remote.codec.w3c.W3CHttpResponseCodec.decode(W3CHttpResponseCodec.java:138)\r\n\tat org.openqa.selenium.remote.codec.w3c.W3CHttpResponseCodec.decode(W3CHttpResponseCodec.java:50)\r\n\tat org.openqa.selenium.remote.HttpCommandExecutor.execute(HttpCommandExecutor.java:215)\r\n\tat org.openqa.selenium.remote.service.DriverCommandExecutor.invokeExecute(DriverCommandExecutor.java:216)\r\n\tat org.openqa.selenium.remote.service.DriverCommandExecutor.execute(DriverCommandExecutor.java:174)\r\n\tat org.openqa.selenium.remote.RemoteWebDriver.execute(RemoteWebDriver.java:557)\r\n\tat org.openqa.selenium.remote.RemoteWebDriver.get(RemoteWebDriver.java:325)\r\n\tat pageObjects.LoginPage.goTo(LoginPage.java:40)\r\n\tat stepDefinitions.ArrayList.the_user_sign_in_to_ds_algo_portal_entering_firstname_vara_password_varam(ArrayList.java:28)\r\n\tat ✽.The user sign in to dsAlgo Portal entering firstname Vara & password Varam@123(file:///C:/Users/Happy%20Family/Downloads/ds_algo_cucumber-master/ds_algo_cucumber-master/src/test/resources/features/LinkedList.feature:4)\r\n"}}]},{"start_timestamp":"2025-11-11T21:56:20.926Z","line":47,"id":"navigation-and-interaction-in-dsalgo-portal---linked-list-section;verify-user-is-able-to-navigate-to-\"practice-questions\"-page-for-\"linked-list\"-page","type":"scenario","keyword":"Scenario","name":"Verify user is able to navigate to \"Practice Questions\" Page for \"Linked List\" page","description":"","steps":[{"keyword":"Given ","line":48,"match":{},"name":"The user is in the \"Linked List\" page after Sign in","result":{"status":"skipped"}},{"keyword":"When ","line":49,"match":{},"name":"The user clicks \"Practice Questions\" button","result":{"status":"skipped"}},{"keyword":"Then ","line":50,"match":{},"name":"The user should be redirected to \"Practice\" page","result":{"status":"skipped"}}]}],"tags":[]}]